This is pdfTeX, Version 3.141592653-2.6-1.40.24 (MiKTeX 22.11.25) (preloaded format=pdflatex 2022.11.26)  14 DEC 2022 23:26
entering extended mode
 restricted \write18 enabled.
 file:line:error style messages enabled.
 %&-line parsing enabled.
**"c:/Users/fcami/OneDrive - Politecnico di Milano/ANNO 4/Data Analytics For Agricolture/Project/paper/results.tex"
(c:/Users/fcami/OneDrive - Politecnico di Milano/ANNO 4/Data Analytics For Agricolture/Project/paper/results.tex
LaTeX2e <2022-11-01>
L3 programming layer <2022-11-02> (C:\Users\fcami\AppData\Local\Programs\MiKTeX\tex/latex/base\article.cls
Document Class: article 2022/07/02 v1.4n Standard LaTeX document class
(C:\Users\fcami\AppData\Local\Programs\MiKTeX\tex/latex/base\size11.clo
File: size11.clo 2022/07/02 v1.4n Standard LaTeX file (size option)
)
\c@part=\count185
\c@section=\count186
\c@subsection=\count187
\c@subsubsection=\count188
\c@paragraph=\count189
\c@subparagraph=\count190
\c@figure=\count191
\c@table=\count192
\abovecaptionskip=\skip47
\belowcaptionskip=\skip48
\bibindent=\dimen140
) (C:\Users\fcami\AppData\Local\Programs\MiKTeX\tex/latex/base\inputenc.sty
Package: inputenc 2021/02/14 v1.3d Input encoding file
\inpenc@prehook=\toks16
\inpenc@posthook=\toks17
) (C:\Users\fcami\AppData\Local\Programs\MiKTeX\tex/latex/xcolor\xcolor.sty
Package: xcolor 2022/06/12 v2.14 LaTeX color extensions (UK)
 (C:\Users\fcami\AppData\Local\Programs\MiKTeX\tex/latex/graphics-cfg\color.cfg
File: color.cfg 2016/01/02 v1.6 sample color configuration
)
Package xcolor Info: Driver file: pdftex.def on input line 227.
 (C:\Users\fcami\AppData\Local\Programs\MiKTeX\tex/latex/graphics-def\pdftex.def
File: pdftex.def 2022/09/22 v1.2b Graphics/color driver for pdftex
) (C:\Users\fcami\AppData\Local\Programs\MiKTeX\tex/latex/graphics\mathcolor.ltx)
Package xcolor Info: Model `cmy' substituted by `cmy0' on input line 1353.
Package xcolor Info: Model `hsb' substituted by `rgb' on input line 1357.
Package xcolor Info: Model `RGB' extended on input line 1369.
Package xcolor Info: Model `HTML' substituted by `rgb' on input line 1371.
Package xcolor Info: Model `Hsb' substituted by `hsb' on input line 1372.
Package xcolor Info: Model `tHsb' substituted by `hsb' on input line 1373.
Package xcolor Info: Model `HSB' substituted by `hsb' on input line 1374.
Package xcolor Info: Model `Gray' substituted by `gray' on input line 1375.
Package xcolor Info: Model `wave' substituted by `hsb' on input line 1376.
) (C:\Users\fcami\AppData\Local\Programs\MiKTeX\tex/latex/comment\comment.sty
\CommentStream=\write3
 Excluding comment 'comment') (C:\Users\fcami\AppData\Local\Programs\MiKTeX\tex/latex/subfiles\subfiles.sty
Package: subfiles 2020/11/14 v2.2 Multi-file projects (package)
 (C:\Users\fcami\AppData\Local\Programs\MiKTeX\tex/latex/import\import.sty
Package: import 2020/04/01  v 6.2
)) (C:\Users\fcami\AppData\Local\Programs\MiKTeX\tex/latex/graphics\graphicx.sty
Package: graphicx 2021/09/16 v1.2d Enhanced LaTeX Graphics (DPC,SPQR)
 (C:\Users\fcami\AppData\Local\Programs\MiKTeX\tex/latex/graphics\keyval.sty
Package: keyval 2022/05/29 v1.15 key=value parser (DPC)
\KV@toks@=\toks18
) (C:\Users\fcami\AppData\Local\Programs\MiKTeX\tex/latex/graphics\graphics.sty
Package: graphics 2022/03/10 v1.4e Standard LaTeX Graphics (DPC,SPQR)
 (C:\Users\fcami\AppData\Local\Programs\MiKTeX\tex/latex/graphics\trig.sty
Package: trig 2021/08/11 v1.11 sin cos tan (DPC)
) (C:\Users\fcami\AppData\Local\Programs\MiKTeX\tex/latex/graphics-cfg\graphics.cfg
File: graphics.cfg 2016/06/04 v1.11 sample graphics configuration
)
Package graphics Info: Driver file: pdftex.def on input line 107.
)
\Gin@req@height=\dimen141
\Gin@req@width=\dimen142
) (C:\Users\fcami\AppData\Local\Programs\MiKTeX\tex/latex/caption\caption.sty
Package: caption 2022/03/01 v3.6b Customizing captions (AR)
 (C:\Users\fcami\AppData\Local\Programs\MiKTeX\tex/latex/caption\caption3.sty
Package: caption3 2022/03/17 v2.3b caption3 kernel (AR)
\caption@tempdima=\dimen143
\captionmargin=\dimen144
\caption@leftmargin=\dimen145
\caption@rightmargin=\dimen146
\caption@width=\dimen147
\caption@indent=\dimen148
\caption@parindent=\dimen149
\caption@hangindent=\dimen150
Package caption Info: Standard document class detected.
)
\c@caption@flags=\count193
\c@continuedfloat=\count194
) (C:\Users\fcami\AppData\Local\Programs\MiKTeX\tex/latex/tools\longtable.sty
Package: longtable 2021-09-01 v4.17 Multi-page Table package (DPC)
\LTleft=\skip49
\LTright=\skip50
\LTpre=\skip51
\LTpost=\skip52
\LTchunksize=\count195
\LTcapwidth=\dimen151
\LT@head=\box51
\LT@firsthead=\box52
\LT@foot=\box53
\LT@lastfoot=\box54
\LT@gbox=\box55
\LT@cols=\count196
\LT@rows=\count197
\c@LT@tables=\count198
\c@LT@chunks=\count199
\LT@p@ftn=\toks19
) (C:\Users\fcami\AppData\Local\Programs\MiKTeX\tex/latex/subfig\subfig.sty
Package: subfig 2005/06/28 ver: 1.3 subfig package
\c@KVtest=\count266
\sf@farskip=\skip53
\sf@captopadj=\dimen152
\sf@capskip=\skip54
\sf@nearskip=\skip55
\c@subfigure=\count267
\c@subfigure@save=\count268
\c@lofdepth=\count269
\c@subtable=\count270
\c@subtable@save=\count271
\c@lotdepth=\count272
\sf@top=\skip56
\sf@bottom=\skip57
) (C:\Users\fcami\AppData\Local\Programs\MiKTeX\tex/latex/fancyhdr\fancyhdr.sty
Package: fancyhdr 2022/11/09 v4.1 Extensive control of page headers and footers
\f@nch@headwidth=\skip58
\f@nch@O@elh=\skip59
\f@nch@O@erh=\skip60
\f@nch@O@olh=\skip61
\f@nch@O@orh=\skip62
\f@nch@O@elf=\skip63
\f@nch@O@erf=\skip64
\f@nch@O@olf=\skip65
\f@nch@O@orf=\skip66
) (C:\Users\fcami\AppData\Local\Programs\MiKTeX\tex/latex/float\float.sty
Package: float 2001/11/08 v1.3d Float enhancements (AL)
\c@float@type=\count273
\float@exts=\toks20
\float@box=\box56
\@float@everytoks=\toks21
\@floatcapt=\box57
) (C:\Users\fcami\AppData\Local\Programs\MiKTeX\tex/latex/hyperref\hyperref.sty
Package: hyperref 2022-11-13 v7.00u Hypertext links for LaTeX
 (C:\Users\fcami\AppData\Local\Programs\MiKTeX\tex/generic/ltxcmds\ltxcmds.sty
Package: ltxcmds 2020-05-10 v1.25 LaTeX kernel commands for general use (HO)
) (C:\Users\fcami\AppData\Local\Programs\MiKTeX\tex/generic/iftex\iftex.sty
Package: iftex 2022/02/03 v1.0f TeX engine tests
) (C:\Users\fcami\AppData\Local\Programs\MiKTeX\tex/generic/pdftexcmds\pdftexcmds.sty
Package: pdftexcmds 2020-06-27 v0.33 Utility functions of pdfTeX for LuaTeX (HO)
 (C:\Users\fcami\AppData\Local\Programs\MiKTeX\tex/generic/infwarerr\infwarerr.sty
Package: infwarerr 2019/12/03 v1.5 Providing info/warning/error messages (HO)
)
Package pdftexcmds Info: \pdf@primitive is available.
Package pdftexcmds Info: \pdf@ifprimitive is available.
Package pdftexcmds Info: \pdfdraftmode found.
) (C:\Users\fcami\AppData\Local\Programs\MiKTeX\tex/latex/kvsetkeys\kvsetkeys.sty
Package: kvsetkeys 2022-10-05 v1.19 Key value parser (HO)
) (C:\Users\fcami\AppData\Local\Programs\MiKTeX\tex/generic/kvdefinekeys\kvdefinekeys.sty
Package: kvdefinekeys 2019-12-19 v1.6 Define keys (HO)
) (C:\Users\fcami\AppData\Local\Programs\MiKTeX\tex/generic/pdfescape\pdfescape.sty
Package: pdfescape 2019/12/09 v1.15 Implements pdfTeX's escape features (HO)
) (C:\Users\fcami\AppData\Local\Programs\MiKTeX\tex/latex/hycolor\hycolor.sty
Package: hycolor 2020-01-27 v1.10 Color options for hyperref/bookmark (HO)
) (C:\Users\fcami\AppData\Local\Programs\MiKTeX\tex/latex/letltxmacro\letltxmacro.sty
Package: letltxmacro 2019/12/03 v1.6 Let assignment for LaTeX macros (HO)
) (C:\Users\fcami\AppData\Local\Programs\MiKTeX\tex/latex/auxhook\auxhook.sty
Package: auxhook 2019-12-17 v1.6 Hooks for auxiliary files (HO)
) (C:\Users\fcami\AppData\Local\Programs\MiKTeX\tex/latex/hyperref\nameref.sty
Package: nameref 2022-05-17 v2.50 Cross-referencing by name of section
 (C:\Users\fcami\AppData\Local\Programs\MiKTeX\tex/latex/refcount\refcount.sty
Package: refcount 2019/12/15 v3.6 Data extraction from label references (HO)
) (C:\Users\fcami\AppData\Local\Programs\MiKTeX\tex/generic/gettitlestring\gettitlestring.sty
Package: gettitlestring 2019/12/15 v1.6 Cleanup title references (HO)
 (C:\Users\fcami\AppData\Local\Programs\MiKTeX\tex/latex/kvoptions\kvoptions.sty
Package: kvoptions 2022-06-15 v3.15 Key value format for package options (HO)
))
\c@section@level=\count274
)
\@linkdim=\dimen153
\Hy@linkcounter=\count275
\Hy@pagecounter=\count276
 (C:\Users\fcami\AppData\Local\Programs\MiKTeX\tex/latex/hyperref\pd1enc.def
File: pd1enc.def 2022-11-13 v7.00u Hyperref: PDFDocEncoding definition (HO)
Now handling font encoding PD1 ...
... no UTF-8 mapping file for font encoding PD1
) (C:\Users\fcami\AppData\Local\Programs\MiKTeX\tex/generic/intcalc\intcalc.sty
Package: intcalc 2019/12/15 v1.3 Expandable calculations with integers (HO)
) (C:\Users\fcami\AppData\Local\Programs\MiKTeX\tex/generic/etexcmds\etexcmds.sty
Package: etexcmds 2019/12/15 v1.7 Avoid name clashes with e-TeX commands (HO)
)
\Hy@SavedSpaceFactor=\count277
 (C:\Users\fcami\AppData\Local\Programs\MiKTeX\tex/latex/hyperref\puenc.def
File: puenc.def 2022-11-13 v7.00u Hyperref: PDF Unicode definition (HO)
Now handling font encoding PU ...
... no UTF-8 mapping file for font encoding PU
)
Package hyperref Info: Hyper figures OFF on input line 4162.
Package hyperref Info: Link nesting OFF on input line 4167.
Package hyperref Info: Hyper index ON on input line 4170.
Package hyperref Info: Plain pages OFF on input line 4177.
Package hyperref Info: Backreferencing OFF on input line 4182.
Package hyperref Info: Implicit mode ON; LaTeX internals redefined.
Package hyperref Info: Bookmarks ON on input line 4410.
\c@Hy@tempcnt=\count278
 (C:\Users\fcami\AppData\Local\Programs\MiKTeX\tex/latex/url\url.sty
\Urlmuskip=\muskip16
Package: url 2013/09/16  ver 3.4  Verb mode for urls, etc.
)
LaTeX Info: Redefining \url on input line 4748.
\XeTeXLinkMargin=\dimen154
 (C:\Users\fcami\AppData\Local\Programs\MiKTeX\tex/generic/bitset\bitset.sty
Package: bitset 2019/12/09 v1.3 Handle bit-vector datatype (HO)
 (C:\Users\fcami\AppData\Local\Programs\MiKTeX\tex/generic/bigintcalc\bigintcalc.sty
Package: bigintcalc 2019/12/15 v1.5 Expandable calculations on big integers (HO)
))
\Fld@menulength=\count279
\Field@Width=\dimen155
\Fld@charsize=\dimen156
Package hyperref Info: Hyper figures OFF on input line 6027.
Package hyperref Info: Link nesting OFF on input line 6032.
Package hyperref Info: Hyper index ON on input line 6035.
Package hyperref Info: backreferencing OFF on input line 6042.
Package hyperref Info: Link coloring OFF on input line 6047.
Package hyperref Info: Link coloring with OCG OFF on input line 6052.
Package hyperref Info: PDF/A mode OFF on input line 6057.
 (C:\Users\fcami\AppData\Local\Programs\MiKTeX\tex/latex/base\atbegshi-ltx.sty
Package: atbegshi-ltx 2021/01/10 v1.0c Emulation of the original atbegshi
package with kernel methods
)
\Hy@abspage=\count280
\c@Item=\count281
\c@Hfootnote=\count282
)
Package hyperref Info: Driver (autodetected): hpdftex.
 (C:\Users\fcami\AppData\Local\Programs\MiKTeX\tex/latex/hyperref\hpdftex.def
File: hpdftex.def 2022-11-13 v7.00u Hyperref driver for pdfTeX
 (C:\Users\fcami\AppData\Local\Programs\MiKTeX\tex/latex/base\atveryend-ltx.sty
Package: atveryend-ltx 2020/08/19 v1.0a Emulation of the original atveryend package
with kernel methods
)
\Fld@listcount=\count283
\c@bookmark@seq@number=\count284
 (C:\Users\fcami\AppData\Local\Programs\MiKTeX\tex/latex/rerunfilecheck\rerunfilecheck.sty
Package: rerunfilecheck 2022-07-10 v1.10 Rerun checks for auxiliary files (HO)
 (C:\Users\fcami\AppData\Local\Programs\MiKTeX\tex/generic/uniquecounter\uniquecounter.sty
Package: uniquecounter 2019/12/15 v1.4 Provide unlimited unique counter (HO)
)
Package uniquecounter Info: New unique counter `rerunfilecheck' on input line 285.
)
\Hy@SectionHShift=\skip67
) (C:\Users\fcami\AppData\Local\Programs\MiKTeX\tex/latex/parskip\parskip.sty
Package: parskip 2021-03-14 v2.0h non-zero parskip adjustments
 (C:\Users\fcami\AppData\Local\Programs\MiKTeX\tex/latex/etoolbox\etoolbox.sty
Package: etoolbox 2020/10/05 v2.5k e-TeX tools for LaTeX (JAW)
\etb@tempcnta=\count285
)) (C:\Users\fcami\AppData\Local\Programs\MiKTeX\tex/latex/enumitem\enumitem.sty
Package: enumitem 2019/06/20 v3.9 Customized lists
\labelindent=\skip68
\enit@outerparindent=\dimen157
\enit@toks=\toks22
\enit@inbox=\box58
\enit@count@id=\count286
\enitdp@description=\count287
) (C:\Users\fcami\AppData\Local\Programs\MiKTeX\tex/latex/multirow\multirow.sty
Package: multirow 2021/03/15 v2.8 Span multiple rows of a table
\multirow@colwidth=\skip69
\multirow@cntb=\count288
\multirow@dima=\skip70
\bigstrutjot=\dimen158
) (C:\Users\fcami\AppData\Local\Programs\MiKTeX\tex/latex/appendix\appendix.sty
Package: appendix 2020/02/08 v1.2c extra appendix facilities
\c@@pps=\count289
\c@@ppsavesec=\count290
\c@@ppsaveapp=\count291
) (C:\Users\fcami\AppData\Local\Programs\MiKTeX\tex/latex/geometry\geometry.sty
Package: geometry 2020/01/02 v5.9 Page Geometry
 (C:\Users\fcami\AppData\Local\Programs\MiKTeX\tex/generic/iftex\ifvtex.sty
Package: ifvtex 2019/10/25 v1.7 ifvtex legacy package. Use iftex instead.
)
\Gm@cnth=\count292
\Gm@cntv=\count293
\c@Gm@tempcnt=\count294
\Gm@bindingoffset=\dimen159
\Gm@wd@mp=\dimen160
\Gm@odd@mp=\dimen161
\Gm@even@mp=\dimen162
\Gm@layoutwidth=\dimen163
\Gm@layoutheight=\dimen164
\Gm@layouthoffset=\dimen165
\Gm@layoutvoffset=\dimen166
\Gm@dimlist=\toks23
 (C:\Users\fcami\AppData\Local\Programs\MiKTeX\tex/latex/geometry\geometry.cfg)) (C:\Users\fcami\AppData\Local\Programs\MiKTeX\tex/latex/colortbl\colortbl.sty
Package: colortbl 2022/06/20 v1.0f Color table columns (DPC)
 (C:\Users\fcami\AppData\Local\Programs\MiKTeX\tex/latex/tools\array.sty
Package: array 2022/03/10 v2.5f Tabular extension package (FMi)
\col@sep=\dimen167
\ar@mcellbox=\box59
\extrarowheight=\dimen168
\NC@list=\toks24
\extratabsurround=\skip71
\backup@length=\skip72
\ar@cellbox=\box60
)
\everycr=\toks25
\minrowclearance=\skip73
\rownum=\count295
) (C:\Users\fcami\AppData\Local\Programs\MiKTeX\tex/latex/amsfonts\amsfonts.sty
Package: amsfonts 2013/01/14 v3.01 Basic AMSFonts support
\@emptytoks=\toks26
\symAMSa=\mathgroup4
\symAMSb=\mathgroup5
LaTeX Font Info:    Redeclaring math symbol \hbar on input line 98.
LaTeX Font Info:    Overwriting math alphabet `\mathfrak' in version `bold'
(Font)                  U/euf/m/n --> U/euf/b/n on input line 106.
) (C:\Users\fcami\AppData\Local\Programs\MiKTeX\tex/latex/amsfonts\amssymb.sty
Package: amssymb 2013/01/14 v3.01 AMS font symbols
) (C:\Users\fcami\AppData\Local\Programs\MiKTeX\tex/latex/amsmath\amsmath.sty
Package: amsmath 2022/04/08 v2.17n AMS math features
\@mathmargin=\skip74

For additional information on amsmath, use the `?' option.
(C:\Users\fcami\AppData\Local\Programs\MiKTeX\tex/latex/amsmath\amstext.sty
Package: amstext 2021/08/26 v2.01 AMS text
 (C:\Users\fcami\AppData\Local\Programs\MiKTeX\tex/latex/amsmath\amsgen.sty
File: amsgen.sty 1999/11/30 v2.0 generic functions
\@emptytoks=\toks27
\ex@=\dimen169
)) (C:\Users\fcami\AppData\Local\Programs\MiKTeX\tex/latex/amsmath\amsbsy.sty
Package: amsbsy 1999/11/29 v1.2d Bold Symbols
\pmbraise@=\dimen170
) (C:\Users\fcami\AppData\Local\Programs\MiKTeX\tex/latex/amsmath\amsopn.sty
Package: amsopn 2022/04/08 v2.04 operator names
)
\inf@bad=\count296
LaTeX Info: Redefining \frac on input line 234.
\uproot@=\count297
\leftroot@=\count298
LaTeX Info: Redefining \overline on input line 399.
LaTeX Info: Redefining \colon on input line 410.
\classnum@=\count299
\DOTSCASE@=\count300
LaTeX Info: Redefining \ldots on input line 496.
LaTeX Info: Redefining \dots on input line 499.
LaTeX Info: Redefining \cdots on input line 620.
\Mathstrutbox@=\box61
\strutbox@=\box62
LaTeX Info: Redefining \big on input line 722.
LaTeX Info: Redefining \Big on input line 723.
LaTeX Info: Redefining \bigg on input line 724.
LaTeX Info: Redefining \Bigg on input line 725.
\big@size=\dimen171
LaTeX Font Info:    Redeclaring font encoding OML on input line 743.
LaTeX Font Info:    Redeclaring font encoding OMS on input line 744.
\macc@depth=\count301
LaTeX Info: Redefining \bmod on input line 905.
LaTeX Info: Redefining \pmod on input line 910.
LaTeX Info: Redefining \smash on input line 940.
LaTeX Info: Redefining \relbar on input line 970.
LaTeX Info: Redefining \Relbar on input line 971.
\c@MaxMatrixCols=\count302
\dotsspace@=\muskip17
\c@parentequation=\count303
\dspbrk@lvl=\count304
\tag@help=\toks28
\row@=\count305
\column@=\count306
\maxfields@=\count307
\andhelp@=\toks29
\eqnshift@=\dimen172
\alignsep@=\dimen173
\tagshift@=\dimen174
\tagwidth@=\dimen175
\totwidth@=\dimen176
\lineht@=\dimen177
\@envbody=\toks30
\multlinegap=\skip75
\multlinetaggap=\skip76
\mathdisplay@stack=\toks31
LaTeX Info: Redefining \[ on input line 2953.
LaTeX Info: Redefining \] on input line 2954.
) (C:\Users\fcami\AppData\Local\Programs\MiKTeX\tex/latex/cancel\cancel.sty
Package: cancel 2013/04/12 v2.2 Cancel math terms
) (C:\Users\fcami\AppData\Local\Programs\MiKTeX\tex/latex/l3backend\l3backend-pdftex.def
File: l3backend-pdftex.def 2022-10-26 L3 backend support: PDF output (pdfTeX)
\l__color_backend_stack_int=\count308
\l__pdf_internal_box=\box63
) (results.aux)
\openout1 = `results.aux'.

LaTeX Font Info:    Checking defaults for OML/cmm/m/it on input line 33.
LaTeX Font Info:    ... okay on input line 33.
LaTeX Font Info:    Checking defaults for OMS/cmsy/m/n on input line 33.
LaTeX Font Info:    ... okay on input line 33.
LaTeX Font Info:    Checking defaults for OT1/cmr/m/n on input line 33.
LaTeX Font Info:    ... okay on input line 33.
LaTeX Font Info:    Checking defaults for T1/cmr/m/n on input line 33.
LaTeX Font Info:    ... okay on input line 33.
LaTeX Font Info:    Checking defaults for TS1/cmr/m/n on input line 33.
LaTeX Font Info:    ... okay on input line 33.
LaTeX Font Info:    Checking defaults for OMX/cmex/m/n on input line 33.
LaTeX Font Info:    ... okay on input line 33.
LaTeX Font Info:    Checking defaults for U/cmr/m/n on input line 33.
LaTeX Font Info:    ... okay on input line 33.
LaTeX Font Info:    Checking defaults for PD1/pdf/m/n on input line 33.
LaTeX Font Info:    ... okay on input line 33.
LaTeX Font Info:    Checking defaults for PU/pdf/m/n on input line 33.
LaTeX Font Info:    ... okay on input line 33.
 (C:\Users\fcami\AppData\Local\Programs\MiKTeX\tex/context/base/mkii\supp-pdf.mkii
[Loading MPS to PDF converter (version 2006.09.02).]
\scratchcounter=\count309
\scratchdimen=\dimen178
\scratchbox=\box64
\nofMPsegments=\count310
\nofMParguments=\count311
\everyMPshowfont=\toks32
\MPscratchCnt=\count312
\MPscratchDim=\dimen179
\MPnumerator=\count313
\makeMPintoPDFobject=\count314
\everyMPtoPDFconversion=\toks33
) (C:\Users\fcami\AppData\Local\Programs\MiKTeX\tex/latex/epstopdf-pkg\epstopdf-base.sty
Package: epstopdf-base 2020-01-24 v2.11 Base part for package epstopdf
Package epstopdf-base Info: Redefining graphics rule for `.eps' on input line 485.
 (C:\Users\fcami\AppData\Local\Programs\MiKTeX\tex/latex/00miktex\epstopdf-sys.cfg
File: epstopdf-sys.cfg 2021/03/18 v2.0 Configuration of epstopdf for MiKTeX
))
Package caption Info: Begin \AtBeginDocument code.
Package caption Info: subfig package v1.3 is loaded.
Package caption Info: float package is loaded.
Package caption Info: hyperref package is loaded.
Package caption Info: longtable package is loaded.
 (C:\Users\fcami\AppData\Local\Programs\MiKTeX\tex/latex/caption\ltcaption.sty
Package: ltcaption 2021/01/08 v1.4c longtable captions (AR)
)
Package caption Info: End \AtBeginDocument code.
Package hyperref Info: Link coloring OFF on input line 33.
 (results.out) (results.out)
\@outlinefile=\write4
\openout4 = `results.out'.


*geometry* driver: auto-detecting
*geometry* detected driver: pdftex
*geometry* verbose mode - [ preamble ] result:
* driver: pdftex
* paper: a4paper
* layout: <same size as paper>
* layoutoffset:(h,v)=(0.0pt,0.0pt)
* modes: 
* h-part:(L,W,R)=(85.35826pt, 426.79134pt, 85.35828pt)
* v-part:(T,H,B)=(71.13188pt, 702.78308pt, 71.13188pt)
* \paperwidth=597.50787pt
* \paperheight=845.04684pt
* \textwidth=426.79134pt
* \textheight=702.78308pt
* \oddsidemargin=13.08827pt
* \evensidemargin=13.08827pt
* \topmargin=-38.1381pt
* \headheight=12.0pt
* \headsep=25.0pt
* \topskip=11.0pt
* \footskip=30.0pt
* \marginparwidth=59.0pt
* \marginparsep=10.0pt
* \columnsep=10.0pt
* \skip\footins=10.0pt plus 4.0pt minus 2.0pt
* \hoffset=0.0pt
* \voffset=0.0pt
* \mag=1000
* \@twocolumnfalse
* \@twosidefalse
* \@mparswitchfalse
* \@reversemarginfalse
* (1in=72.27pt=25.4mm, 1cm=28.453pt)

<PolitecnicoLogo.png, id=79, 803.0pt x 501.875pt>
File: PolitecnicoLogo.png Graphic file (type png)
<use PolitecnicoLogo.png>
Package pdftex.def Info: PolitecnicoLogo.png  used on input line 41.
(pdftex.def)             Requested size: 182.08852pt x 113.80533pt.
LaTeX Font Info:    Trying to load font information for U+msa on input line 55.
(C:\Users\fcami\AppData\Local\Programs\MiKTeX\tex/latex/amsfonts\umsa.fd
File: umsa.fd 2013/01/14 v3.01 AMS symbols A
)
LaTeX Font Info:    Trying to load font information for U+msb on input line 55.
 (C:\Users\fcami\AppData\Local\Programs\MiKTeX\tex/latex/amsfonts\umsb.fd
File: umsb.fd 2013/01/14 v3.01 AMS symbols B
) [1

{C:/Users/fcami/AppData/Local/MiKTeX/fonts/map/pdftex/pdftex.map} <./PolitecnicoLogo.png>] (results.toc)
\tf@toc=\write5
\openout5 = `results.toc'.


pdfTeX warning (ext4): destination with the same identifier (name{page.1}) has been already used, duplicate ignored
<to be read again> 
                   \relax 
l.70 \newpage
              [1] [2]
<../Results/Two_clusters_division/CycleA/Density_epsilon.png, id=120, 428.5611pt x 314.3745pt>
File: ../Results/Two_clusters_division/CycleA/Density_epsilon.png Graphic file (type png)
<use ../Results/Two_clusters_division/CycleA/Density_epsilon.png>
Package pdftex.def Info: ../Results/Two_clusters_division/CycleA/Density_epsilon.png  used on input line 146.
(pdftex.def)             Requested size: 199.16928pt x 146.10587pt.
<../Results/Two_clusters_division/CycleA/Density_scatter_merged.png, id=121, 409.7709pt x 328.8285pt>
File: ../Results/Two_clusters_division/CycleA/Density_scatter_merged.png Graphic file (type png)
<use ../Results/Two_clusters_division/CycleA/Density_scatter_merged.png>
Package pdftex.def Info: ../Results/Two_clusters_division/CycleA/Density_scatter_merged.png  used on input line 150.
(pdftex.def)             Requested size: 199.16928pt x 159.82784pt.
<../Results/Two_clusters_division/CycleA/Density_plot_death.png, id=122, 428.5611pt x 307.1475pt>
File: ../Results/Two_clusters_division/CycleA/Density_plot_death.png Graphic file (type png)
<use ../Results/Two_clusters_division/CycleA/Density_plot_death.png>
Package pdftex.def Info: ../Results/Two_clusters_division/CycleA/Density_plot_death.png  used on input line 155.
(pdftex.def)             Requested size: 199.16928pt x 142.74712pt.
<../Results/Two_clusters_division/CycleA/Density_plot_laied.png, id=123, 416.2752pt x 304.2567pt>
File: ../Results/Two_clusters_division/CycleA/Density_plot_laied.png Graphic file (type png)
<use ../Results/Two_clusters_division/CycleA/Density_plot_laied.png>
Package pdftex.def Info: ../Results/Two_clusters_division/CycleA/Density_plot_laied.png  used on input line 159.
(pdftex.def)             Requested size: 199.16928pt x 145.57265pt.
 [3]
<../Results/Two_clusters_division/CycleB/Hierarchical_dendogram.png, id=129, 388.0899pt x 314.3745pt>
File: ../Results/Two_clusters_division/CycleB/Hierarchical_dendogram.png Graphic file (type png)
<use ../Results/Two_clusters_division/CycleB/Hierarchical_dendogram.png>
Package pdftex.def Info: ../Results/Two_clusters_division/CycleB/Hierarchical_dendogram.png  used on input line 191.
(pdftex.def)             Requested size: 199.16928pt x 161.34102pt.
<../Results/Two_clusters_division/CycleB/Hierarchical_scatter.png, id=130, 409.7709pt x 328.8285pt>
File: ../Results/Two_clusters_division/CycleB/Hierarchical_scatter.png Graphic file (type png)
<use ../Results/Two_clusters_division/CycleB/Hierarchical_scatter.png>
Package pdftex.def Info: ../Results/Two_clusters_division/CycleB/Hierarchical_scatter.png  used on input line 195.
(pdftex.def)             Requested size: 199.16928pt x 159.82784pt.
<../Results/Two_clusters_division/CycleB/Hierarchical_plot_death.png, id=131, 428.5611pt x 306.4248pt>
File: ../Results/Two_clusters_division/CycleB/Hierarchical_plot_death.png Graphic file (type png)
<use ../Results/Two_clusters_division/CycleB/Hierarchical_plot_death.png>
Package pdftex.def Info: ../Results/Two_clusters_division/CycleB/Hierarchical_plot_death.png  used on input line 200.
(pdftex.def)             Requested size: 199.16928pt x 142.41124pt.
<../Results/Two_clusters_division/CycleB/Hierarchical_plot_laied.png, id=132, 409.7709pt x 304.2567pt>
File: ../Results/Two_clusters_division/CycleB/Hierarchical_plot_laied.png Graphic file (type png)
<use ../Results/Two_clusters_division/CycleB/Hierarchical_plot_laied.png>
Package pdftex.def Info: ../Results/Two_clusters_division/CycleB/Hierarchical_plot_laied.png  used on input line 204.
(pdftex.def)             Requested size: 199.16928pt x 147.88466pt.
 [4 <../Results/Two_clusters_division/CycleA/Density_epsilon.png> <../Results/Two_clusters_division/CycleA/Density_scatter_merged.png> <../Results/Two_clusters_division/CycleA/Density_plot_death.png> <../Results/Two_clusters_division/CycleA/Density_plot_laied.png>]
<../Results/Two_clusters_division/CycleC/Hierarchical_dendogram.png, id=141, 386.6445pt x 314.3745pt>
File: ../Results/Two_clusters_division/CycleC/Hierarchical_dendogram.png Graphic file (type png)
<use ../Results/Two_clusters_division/CycleC/Hierarchical_dendogram.png>
Package pdftex.def Info: ../Results/Two_clusters_division/CycleC/Hierarchical_dendogram.png  used on input line 236.
(pdftex.def)             Requested size: 199.16928pt x 161.94064pt.
<../Results/Two_clusters_division/CycleC/Hierarchical_scatter.png, id=142, 409.7709pt x 328.8285pt>
File: ../Results/Two_clusters_division/CycleC/Hierarchical_scatter.png Graphic file (type png)
<use ../Results/Two_clusters_division/CycleC/Hierarchical_scatter.png>
Package pdftex.def Info: ../Results/Two_clusters_division/CycleC/Hierarchical_scatter.png  used on input line 240.
(pdftex.def)             Requested size: 199.16928pt x 159.82784pt.
<../Results/Two_clusters_division/CycleC/Hierarchical_plot_death.png, id=143, 428.5611pt x 279.6849pt>
File: ../Results/Two_clusters_division/CycleC/Hierarchical_plot_death.png Graphic file (type png)
<use ../Results/Two_clusters_division/CycleC/Hierarchical_plot_death.png>
Package pdftex.def Info: ../Results/Two_clusters_division/CycleC/Hierarchical_plot_death.png  used on input line 245.
(pdftex.def)             Requested size: 199.16928pt x 129.98384pt.
<../Results/Two_clusters_division/CycleC/Hierarchical_plot_laied.png, id=144, 409.7709pt x 279.6849pt>
File: ../Results/Two_clusters_division/CycleC/Hierarchical_plot_laied.png Graphic file (type png)
<use ../Results/Two_clusters_division/CycleC/Hierarchical_plot_laied.png>
Package pdftex.def Info: ../Results/Two_clusters_division/CycleC/Hierarchical_plot_laied.png  used on input line 249.
(pdftex.def)             Requested size: 199.16928pt x 135.94148pt.
 [5 <../Results/Two_clusters_division/CycleB/Hierarchical_dendogram.png> <../Results/Two_clusters_division/CycleB/Hierarchical_scatter.png> <../Results/Two_clusters_division/CycleB/Hierarchical_plot_death.png> <../Results/Two_clusters_division/CycleB/Hierarchical_plot_laied.png>]
<../Results/Two_clusters_division/CycleX1/KMeans_silhouette.png, id=153, 416.2752pt x 328.8285pt>
File: ../Results/Two_clusters_division/CycleX1/KMeans_silhouette.png Graphic file (type png)
<use ../Results/Two_clusters_division/CycleX1/KMeans_silhouette.png>
Package pdftex.def Info: ../Results/Two_clusters_division/CycleX1/KMeans_silhouette.png  used on input line 281.
(pdftex.def)             Requested size: 199.16928pt x 157.32912pt.
<../Results/Two_clusters_division/CycleX1/KMeans_scatter.png, id=154, 409.7709pt x 328.8285pt>
File: ../Results/Two_clusters_division/CycleX1/KMeans_scatter.png Graphic file (type png)
<use ../Results/Two_clusters_division/CycleX1/KMeans_scatter.png>
Package pdftex.def Info: ../Results/Two_clusters_division/CycleX1/KMeans_scatter.png  used on input line 285.
(pdftex.def)             Requested size: 199.16928pt x 159.82784pt.
<../Results/Two_clusters_division/CycleX1/KMeans_plot_death.png, id=155, 428.5611pt x 304.2567pt>
File: ../Results/Two_clusters_division/CycleX1/KMeans_plot_death.png Graphic file (type png)
<use ../Results/Two_clusters_division/CycleX1/KMeans_plot_death.png>
Package pdftex.def Info: ../Results/Two_clusters_division/CycleX1/KMeans_plot_death.png  used on input line 290.
(pdftex.def)             Requested size: 199.16928pt x 141.40361pt.
<../Results/Two_clusters_division/CycleX1/KMeans_plot_laied.png, id=156, 409.7709pt x 304.9794pt>
File: ../Results/Two_clusters_division/CycleX1/KMeans_plot_laied.png Graphic file (type png)
<use ../Results/Two_clusters_division/CycleX1/KMeans_plot_laied.png>
Package pdftex.def Info: ../Results/Two_clusters_division/CycleX1/KMeans_plot_laied.png  used on input line 294.
(pdftex.def)             Requested size: 199.16928pt x 148.23593pt.
 [6 <../Results/Two_clusters_division/CycleC/Hierarchical_dendogram.png> <../Results/Two_clusters_division/CycleC/Hierarchical_scatter.png> <../Results/Two_clusters_division/CycleC/Hierarchical_plot_death.png> <../Results/Two_clusters_division/CycleC/Hierarchical_plot_laied.png>]
<../Results/Two_clusters_division/CycleX2/Hierarchical_dendogram.png, id=166, 387.3672pt x 314.3745pt>
File: ../Results/Two_clusters_division/CycleX2/Hierarchical_dendogram.png Graphic file (type png)
<use ../Results/Two_clusters_division/CycleX2/Hierarchical_dendogram.png>
Package pdftex.def Info: ../Results/Two_clusters_division/CycleX2/Hierarchical_dendogram.png  used on input line 326.
(pdftex.def)             Requested size: 199.16928pt x 161.63843pt.
<../Results/Two_clusters_division/CycleX2/Hierarchical_scatter.png, id=167, 409.7709pt x 328.8285pt>
File: ../Results/Two_clusters_division/CycleX2/Hierarchical_scatter.png Graphic file (type png)
<use ../Results/Two_clusters_division/CycleX2/Hierarchical_scatter.png>
Package pdftex.def Info: ../Results/Two_clusters_division/CycleX2/Hierarchical_scatter.png  used on input line 330.
(pdftex.def)             Requested size: 199.16928pt x 159.82784pt.
<../Results/Two_clusters_division/CycleX2/Hierarchical_plot_death.png, id=168, 435.0654pt x 304.2567pt>
File: ../Results/Two_clusters_division/CycleX2/Hierarchical_plot_death.png Graphic file (type png)
<use ../Results/Two_clusters_division/CycleX2/Hierarchical_plot_death.png>
Package pdftex.def Info: ../Results/Two_clusters_division/CycleX2/Hierarchical_plot_death.png  used on input line 335.
(pdftex.def)             Requested size: 199.16928pt x 139.2866pt.
<../Results/Two_clusters_division/CycleX2/Hierarchical_plot_laied.png, id=169, 422.0568pt x 304.2567pt>
File: ../Results/Two_clusters_division/CycleX2/Hierarchical_plot_laied.png Graphic file (type png)
<use ../Results/Two_clusters_division/CycleX2/Hierarchical_plot_laied.png>
Package pdftex.def Info: ../Results/Two_clusters_division/CycleX2/Hierarchical_plot_laied.png  used on input line 339.
(pdftex.def)             Requested size: 199.16928pt x 143.58098pt.
 [7 <../Results/Two_clusters_division/CycleX1/KMeans_silhouette.png> <../Results/Two_clusters_division/CycleX1/KMeans_scatter.png> <../Results/Two_clusters_division/CycleX1/KMeans_plot_death.png> <../Results/Two_clusters_division/CycleX1/KMeans_plot_laied.png>]
<../Results/Two_clusters_division/CycleY/KMeans_silhouette.png, id=178, 416.2752pt x 328.8285pt>
File: ../Results/Two_clusters_division/CycleY/KMeans_silhouette.png Graphic file (type png)
<use ../Results/Two_clusters_division/CycleY/KMeans_silhouette.png>
Package pdftex.def Info: ../Results/Two_clusters_division/CycleY/KMeans_silhouette.png  used on input line 371.
(pdftex.def)             Requested size: 199.16928pt x 157.32912pt.
<../Results/Two_clusters_division/CycleY/KMeans_scatter.png, id=179, 409.7709pt x 328.8285pt>
File: ../Results/Two_clusters_division/CycleY/KMeans_scatter.png Graphic file (type png)
<use ../Results/Two_clusters_division/CycleY/KMeans_scatter.png>
Package pdftex.def Info: ../Results/Two_clusters_division/CycleY/KMeans_scatter.png  used on input line 375.
(pdftex.def)             Requested size: 199.16928pt x 159.82784pt.
<../Results/Two_clusters_division/CycleY/KMeans_plot_death.png, id=180, 428.5611pt x 304.2567pt>
File: ../Results/Two_clusters_division/CycleY/KMeans_plot_death.png Graphic file (type png)
<use ../Results/Two_clusters_division/CycleY/KMeans_plot_death.png>
Package pdftex.def Info: ../Results/Two_clusters_division/CycleY/KMeans_plot_death.png  used on input line 380.
(pdftex.def)             Requested size: 199.16928pt x 141.40361pt.
<../Results/Two_clusters_division/CycleY/KMeans_plot_laied.png, id=181, 416.2752pt x 304.2567pt>
File: ../Results/Two_clusters_division/CycleY/KMeans_plot_laied.png Graphic file (type png)
<use ../Results/Two_clusters_division/CycleY/KMeans_plot_laied.png>
Package pdftex.def Info: ../Results/Two_clusters_division/CycleY/KMeans_plot_laied.png  used on input line 384.
(pdftex.def)             Requested size: 199.16928pt x 145.57265pt.
 [8 <../Results/Two_clusters_division/CycleX2/Hierarchical_dendogram.png> <../Results/Two_clusters_division/CycleX2/Hierarchical_scatter.png> <../Results/Two_clusters_division/CycleX2/Hierarchical_plot_death.png> <../Results/Two_clusters_division/CycleX2/Hierarchical_plot_laied.png>]
<../Results/Two_clusters_division/CycleZ/Hierarchical_dendogram.png, id=190, 388.0899pt x 314.3745pt>
File: ../Results/Two_clusters_division/CycleZ/Hierarchical_dendogram.png Graphic file (type png)
<use ../Results/Two_clusters_division/CycleZ/Hierarchical_dendogram.png>
Package pdftex.def Info: ../Results/Two_clusters_division/CycleZ/Hierarchical_dendogram.png  used on input line 416.
(pdftex.def)             Requested size: 199.16928pt x 161.34102pt.
<../Results/Two_clusters_division/CycleZ/Hierarchical_scatter.png, id=191, 409.7709pt x 328.8285pt>
File: ../Results/Two_clusters_division/CycleZ/Hierarchical_scatter.png Graphic file (type png)
<use ../Results/Two_clusters_division/CycleZ/Hierarchical_scatter.png>
Package pdftex.def Info: ../Results/Two_clusters_division/CycleZ/Hierarchical_scatter.png  used on input line 420.
(pdftex.def)             Requested size: 199.16928pt x 159.82784pt.
<../Results/Two_clusters_division/CycleZ/Hierarchical_plot_death.png, id=192, 435.0654pt x 304.2567pt>
File: ../Results/Two_clusters_division/CycleZ/Hierarchical_plot_death.png Graphic file (type png)
<use ../Results/Two_clusters_division/CycleZ/Hierarchical_plot_death.png>
Package pdftex.def Info: ../Results/Two_clusters_division/CycleZ/Hierarchical_plot_death.png  used on input line 425.
(pdftex.def)             Requested size: 199.16928pt x 139.2866pt.
<../Results/Two_clusters_division/CycleZ/Hierarchical_plot_laied.png, id=193, 416.2752pt x 304.2567pt>
File: ../Results/Two_clusters_division/CycleZ/Hierarchical_plot_laied.png Graphic file (type png)
<use ../Results/Two_clusters_division/CycleZ/Hierarchical_plot_laied.png>
Package pdftex.def Info: ../Results/Two_clusters_division/CycleZ/Hierarchical_plot_laied.png  used on input line 429.
(pdftex.def)             Requested size: 199.16928pt x 145.57265pt.
 [9 <../Results/Two_clusters_division/CycleY/KMeans_silhouette.png> <../Results/Two_clusters_division/CycleY/KMeans_scatter.png> <../Results/Two_clusters_division/CycleY/KMeans_plot_death.png> <../Results/Two_clusters_division/CycleY/KMeans_plot_laied.png>]
<../Results/Every_cycle/Hierarchical_dendogram.png, id=202, 394.5942pt x 317.2653pt>
File: ../Results/Every_cycle/Hierarchical_dendogram.png Graphic file (type png)
<use ../Results/Every_cycle/Hierarchical_dendogram.png>
Package pdftex.def Info: ../Results/Every_cycle/Hierarchical_dendogram.png  used on input line 445.
(pdftex.def)             Requested size: 199.16928pt x 160.14267pt.
<../Results/Every_cycle/Hierarchical_scatter_death.png, id=203, 409.7709pt x 328.8285pt>
File: ../Results/Every_cycle/Hierarchical_scatter_death.png Graphic file (type png)
<use ../Results/Every_cycle/Hierarchical_scatter_death.png>
Package pdftex.def Info: ../Results/Every_cycle/Hierarchical_scatter_death.png  used on input line 449.
(pdftex.def)             Requested size: 199.16928pt x 159.82784pt.
<../Results/Every_cycle/Hierarchical_plot_death.png, id=204, 1190.2869pt x 306.4248pt>
File: ../Results/Every_cycle/Hierarchical_plot_death.png Graphic file (type png)
<use ../Results/Every_cycle/Hierarchical_plot_death.png>
Package pdftex.def Info: ../Results/Every_cycle/Hierarchical_plot_death.png  used on input line 455.
(pdftex.def)             Requested size: 409.71968pt x 105.47353pt.
<../Results/Every_cycle/Hierarchical_plot_laied.png, id=205, 1171.4967pt x 304.2567pt>
File: ../Results/Every_cycle/Hierarchical_plot_laied.png Graphic file (type png)
<use ../Results/Every_cycle/Hierarchical_plot_laied.png>
Package pdftex.def Info: ../Results/Every_cycle/Hierarchical_plot_laied.png  used on input line 459.
(pdftex.def)             Requested size: 409.71968pt x 106.4125pt.
 [10 <../Results/Two_clusters_division/CycleZ/Hierarchical_dendogram.png> <../Results/Two_clusters_division/CycleZ/Hierarchical_scatter.png> <../Results/Two_clusters_division/CycleZ/Hierarchical_plot_death.png> <../Results/Two_clusters_division/CycleZ/Hierarchical_plot_laied.png>]
<../Results/Every_cycle/Spider_Plot.png, id=214, 611.4042pt x 572.3784pt>
File: ../Results/Every_cycle/Spider_Plot.png Graphic file (type png)
<use ../Results/Every_cycle/Spider_Plot.png>
Package pdftex.def Info: ../Results/Every_cycle/Spider_Plot.png  used on input line 476.
(pdftex.def)             Requested size: 426.79134pt x 399.56169pt.
 [11 <../Results/Every_cycle/Hierarchical_dendogram.png> <../Results/Every_cycle/Hierarchical_scatter_death.png> <../Results/Every_cycle/Hierarchical_plot_death.png> <../Results/Every_cycle/Hierarchical_plot_laied.png>] [12 <../Results/Every_cycle/Spider_Plot.png>]
<../Results/OrganingOrNot/Laid.png, id=232, 1178.001pt x 314.3745pt>
File: ../Results/OrganingOrNot/Laid.png Graphic file (type png)
<use ../Results/OrganingOrNot/Laid.png>
Package pdftex.def Info: ../Results/OrganingOrNot/Laid.png  used on input line 528.
(pdftex.def)             Requested size: 426.79134pt x 113.89906pt.
<../Results/OrganingOrNot/DeathPerc.png, id=233, 1190.2869pt x 312.2064pt>
File: ../Results/OrganingOrNot/DeathPerc.png Graphic file (type png)
<use ../Results/OrganingOrNot/DeathPerc.png>
Package pdftex.def Info: ../Results/OrganingOrNot/DeathPerc.png  used on input line 555.
(pdftex.def)             Requested size: 426.79134pt x 111.94165pt.
 [13 <../Results/OrganingOrNot/Laid.png> <../Results/OrganingOrNot/DeathPerc.png>] [14]
<../Results/Comparison_Z_AB/Death.png, id=244, 1190.2869pt x 312.2064pt>
File: ../Results/Comparison_Z_AB/Death.png Graphic file (type png)
<use ../Results/Comparison_Z_AB/Death.png>
Package pdftex.def Info: ../Results/Comparison_Z_AB/Death.png  used on input line 603.
(pdftex.def)             Requested size: 426.79134pt x 111.94165pt.
<../Results/Comparison_Z_AB/Density_distance.png, id=245, 431.4519pt x 312.2064pt>
File: ../Results/Comparison_Z_AB/Density_distance.png Graphic file (type png)
<use ../Results/Comparison_Z_AB/Density_distance.png>
Package pdftex.def Info: ../Results/Comparison_Z_AB/Density_distance.png  used on input line 614.
(pdftex.def)             Requested size: 199.16928pt x 144.12642pt.
<../Results/Comparison_Z_AB/Density_Raw.png, id=246, 409.7709pt x 356.2911pt>
File: ../Results/Comparison_Z_AB/Density_Raw.png Graphic file (type png)
<use ../Results/Comparison_Z_AB/Density_Raw.png>
Package pdftex.def Info: ../Results/Comparison_Z_AB/Density_Raw.png  used on input line 618.
(pdftex.def)             Requested size: 199.16928pt x 173.17609pt.
<../Results/Comparison_Z_AB/Density_Cleaned.png, id=247, 428.5611pt x 314.3745pt>
File: ../Results/Comparison_Z_AB/Density_Cleaned.png Graphic file (type png)
<use ../Results/Comparison_Z_AB/Density_Cleaned.png>
Package pdftex.def Info: ../Results/Comparison_Z_AB/Density_Cleaned.png  used on input line 624.
(pdftex.def)             Requested size: 199.16928pt x 146.10587pt.
<../Results/Comparison_Z_AB/Plot_Clusters.png, id=248, 1190.2869pt x 306.4248pt>
File: ../Results/Comparison_Z_AB/Plot_Clusters.png Graphic file (type png)
<use ../Results/Comparison_Z_AB/Plot_Clusters.png>
Package pdftex.def Info: ../Results/Comparison_Z_AB/Plot_Clusters.png  used on input line 630.
(pdftex.def)             Requested size: 409.71968pt x 105.47353pt.
 [15 <../Results/Comparison_Z_AB/Death.png> <../Results/Comparison_Z_AB/Density_distance.png> <../Results/Comparison_Z_AB/Density_Raw.png> <../Results/Comparison_Z_AB/Density_Cleaned.png>]
<../Results/Comparison_Z_AB/feed_plot.png, id=257, 612.03656pt x 158.46703pt>
File: ../Results/Comparison_Z_AB/feed_plot.png Graphic file (type png)
<use ../Results/Comparison_Z_AB/feed_plot.png>
Package pdftex.def Info: ../Results/Comparison_Z_AB/feed_plot.png  used on input line 645.
(pdftex.def)             Requested size: 426.79134pt x 110.50299pt.
<../Results/Comp_AB_C/Death.png, id=258, 1190.2869pt x 312.2064pt>
File: ../Results/Comp_AB_C/Death.png Graphic file (type png)
<use ../Results/Comp_AB_C/Death.png>
Package pdftex.def Info: ../Results/Comp_AB_C/Death.png  used on input line 660.
(pdftex.def)             Requested size: 426.79134pt x 111.94165pt.
<../Results/Comp_AB_C/Laid.png, id=259, 1171.4967pt x 312.2064pt>
File: ../Results/Comp_AB_C/Laid.png Graphic file (type png)
<use ../Results/Comp_AB_C/Laid.png>
Package pdftex.def Info: ../Results/Comp_AB_C/Laid.png  used on input line 661.
(pdftex.def)             Requested size: 426.79134pt x 113.74239pt.
 [16 <../Results/Comparison_Z_AB/Plot_Clusters.png> <../Results/Comparison_Z_AB/feed_plot.png>]
<../Results/Comp_AB_C/predictor.png, id=266, 1148.3703pt x 787.743pt>
File: ../Results/Comp_AB_C/predictor.png Graphic file (type png)
<use ../Results/Comp_AB_C/predictor.png>
Package pdftex.def Info: ../Results/Comp_AB_C/predictor.png  used on input line 667.
(pdftex.def)             Requested size: 426.79134pt x 292.7585pt.
<../Results/Comp_AB_C/predicted.png, id=267, 1148.3703pt x 787.0203pt>
File: ../Results/Comp_AB_C/predicted.png Graphic file (type png)
<use ../Results/Comp_AB_C/predicted.png>
Package pdftex.def Info: ../Results/Comp_AB_C/predicted.png  used on input line 669.
(pdftex.def)             Requested size: 426.79134pt x 292.48991pt.
 [17 <../Results/Comp_AB_C/Death.png> <../Results/Comp_AB_C/Laid.png> <../Results/Comp_AB_C/predictor.png>] [18 <../Results/Comp_AB_C/predicted.png>] (results.aux)
Package rerunfilecheck Info: File `results.out' has not changed.
(rerunfilecheck)             Checksum: 8D9FDB608E9F9B42788CD0842C6E23EB;2298.
 ) 
Here is how much of TeX's memory you used:
 13775 strings out of 475284
 235717 string characters out of 2774104
 571845 words of memory out of 3000000
 34982 multiletter control sequences out of 15000+600000
 477764 words of font info for 61 fonts, out of 8000000 for 9000
 1141 hyphenation exceptions out of 8191
 72i,18n,77p,636b,533s stack positions out of 10000i,1000n,20000p,200000b,80000s
 <C:\Users\fcami\AppData\Local\MiKTeX\fonts/pk/ljfour/jknappen/ec/dpi600\tcrm1095.pk><C:/Users/fcami/AppData/Local/Programs/MiKTeX/fonts/type1/public/amsfonts/cm/cmbx10.pfb><C:/Users/fcami/AppData/Local/Programs/MiKTeX/fonts/type1/public/amsfonts/cm/cmbx12.pfb><C:/Users/fcami/AppData/Local/Programs/MiKTeX/fonts/type1/public/amsfonts/cm/cmmi10.pfb><C:/Users/fcami/AppData/Local/Programs/MiKTeX/fonts/type1/public/amsfonts/cm/cmr10.pfb><C:/Users/fcami/AppData/Local/Programs/MiKTeX/fonts/type1/public/amsfonts/cm/cmr12.pfb><C:/Users/fcami/AppData/Local/Programs/MiKTeX/fonts/type1/public/amsfonts/cm/cmr17.pfb><C:/Users/fcami/AppData/Local/Programs/MiKTeX/fonts/type1/public/amsfonts/cm/cmr8.pfb><C:/Users/fcami/AppData/Local/Programs/MiKTeX/fonts/type1/public/amsfonts/cm/cmsy10.pfb><C:/Users/fcami/AppData/Local/Programs/MiKTeX/fonts/type1/public/amsfonts/symbols/msam10.pfb>
Output written on results.pdf (19 pages, 2417009 bytes).
PDF statistics:
 336 PDF objects out of 1000 (max. 8388607)
 39 named destinations out of 1000 (max. 500000)
 383 words of extra memory for PDF output out of 10000 (max. 10000000)

